[0.330s] Invoking command in '/ros2_ws/build/topic_based_ros2_control': /usr/bin/cmake --build /ros2_ws/build/topic_based_ros2_control -- -j24 -l24
[0.687s] [ 75%] Built target gtest
[0.687s] [ 75%] Built target gtest_main
[0.687s] [ 75%] Built target topic_based_ros2_control
[0.944s] [100%] Built target topic_based_system_test
[0.959s] Invoked command in '/ros2_ws/build/topic_based_ros2_control' returned '0': /usr/bin/cmake --build /ros2_ws/build/topic_based_ros2_control -- -j24 -l24
[0.967s] Invoking command in '/ros2_ws/build/topic_based_ros2_control': /usr/bin/cmake --install /ros2_ws/build/topic_based_ros2_control
[0.972s] -- Install configuration: ""
[1.079s] -- Execute custom install script
[1.183s] -- Symlinking: /ros2_ws/install/topic_based_ros2_control/share/topic_based_ros2_control//topic_based_ros2_control_plugin_description.xml
[1.188s] CMake Error: failed to create symbolic link '/ros2_ws/install/topic_based_ros2_control/share/topic_based_ros2_control//topic_based_ros2_control_plugin_description.xml': Operation not permitted
[1.188s] [31mCMake Error at ament_cmake_symlink_install/ament_cmake_symlink_install.cmake:302 (message):
[1.188s]   Could not create symlink
[1.188s]   '/ros2_ws/install/topic_based_ros2_control/share/topic_based_ros2_control//topic_based_ros2_control_plugin_description.xml'
[1.188s]   pointing to
[1.188s]   '/ros2_ws/src/topic_based_ros2_control/topic_based_ros2_control_plugin_description.xml'
[1.188s] Call Stack (most recent call first):
[1.188s]   ament_cmake_symlink_install/ament_cmake_symlink_install.cmake:155 (_ament_cmake_symlink_install_create_symlink)
[1.189s]   ament_cmake_symlink_install/ament_cmake_symlink_install.cmake:314 (ament_cmake_symlink_install_files)
[1.189s]   cmake_install.cmake:46 (include)
[1.189s] 
[1.189s] [0m
[1.190s] Invoked command in '/ros2_ws/build/topic_based_ros2_control' returned '1': /usr/bin/cmake --install /ros2_ws/build/topic_based_ros2_control
