[0.321s] Invoking command in '/ros2_ws/build/topic_based_ros2_control': CMAKE_PREFIX_PATH=/opt/ros/humble /usr/bin/cmake /ros2_ws/src/topic_based_ros2_control -DAMENT_CMAKE_SYMLINK_INSTALL=1 -DCMAKE_INSTALL_PREFIX=/ros2_ws/install/topic_based_ros2_control
[0.339s] -- Found ament_cmake: 1.3.11 (/opt/ros/humble/share/ament_cmake/cmake)
[0.477s] -- Found Python3: /usr/bin/python3 (found version "3.10.12") found components: Interpreter 
[1.165s] -- Override CMake install command with custom implementation using symlinks instead of copying resources
[2.454s] -- Found angles: 1.15.0 (/opt/ros/humble/share/angles/cmake)
[2.459s] -- Found rclcpp: 16.0.12 (/opt/ros/humble/share/rclcpp/cmake)
[2.487s] -- Found rosidl_generator_c: 3.1.6 (/opt/ros/humble/share/rosidl_generator_c/cmake)
[2.490s] -- Found rosidl_adapter: 3.1.6 (/opt/ros/humble/share/rosidl_adapter/cmake)
[2.495s] -- Found rosidl_generator_cpp: 3.1.6 (/opt/ros/humble/share/rosidl_generator_cpp/cmake)
[2.502s] -- Using all available rosidl_typesupport_c: rosidl_typesupport_fastrtps_c;rosidl_typesupport_introspection_c
[2.511s] -- Using all available rosidl_typesupport_cpp: rosidl_typesupport_fastrtps_cpp;rosidl_typesupport_introspection_cpp
[2.538s] -- Found rmw_implementation_cmake: 6.1.2 (/opt/ros/humble/share/rmw_implementation_cmake/cmake)
[2.567s] -- Found rmw_cyclonedds_cpp: 1.3.4 (/opt/ros/humble/share/rmw_cyclonedds_cpp/cmake)
[2.644s] -- Using RMW implementation 'rmw_cyclonedds_cpp' as default
[2.965s] -- Looking for C++ include pthread.h
[5.389s] -- Looking for C++ include pthread.h - found
[5.596s] -- Performing Test CMAKE_HAVE_LIBC_PTHREAD
[8.070s] -- Performing Test CMAKE_HAVE_LIBC_PTHREAD - Success
[8.174s] -- Found Threads: TRUE  
[8.273s] -- Found hardware_interface: 2.50.0 (/opt/ros/humble/share/hardware_interface/cmake)
[8.370s] -- Found ament_cmake_gtest: 1.3.11 (/opt/ros/humble/share/ament_cmake_gtest/cmake)
[8.371s] -- Found ament_lint_auto: 0.12.12 (/opt/ros/humble/share/ament_lint_auto/cmake)
[8.373s] -- Found ament_cmake_pytest: 1.3.11 (/opt/ros/humble/share/ament_cmake_pytest/cmake)
[8.375s] -- Found ros2_control_test_assets: 2.50.0 (/opt/ros/humble/share/ros2_control_test_assets/cmake)
[8.376s] -- Found ros_testing: 0.4.0 (/opt/ros/humble/share/ros_testing/cmake)
[8.378s] -- Found launch_testing_ament_cmake: 1.0.8 (/opt/ros/humble/share/launch_testing_ament_cmake/cmake)
[8.379s] -- Found python_cmake_module: 0.10.0 (/opt/ros/humble/share/python_cmake_module/cmake)
[8.392s] -- Found PythonInterp: /usr/bin/python3 (found suitable version "3.10.12", minimum required is "3.6") 
[8.395s] -- Found PythonLibs: /usr/lib/x86_64-linux-gnu/libpython3.10.so (found suitable version "3.10.12", minimum required is "3.5") 
[8.395s] -- Using PYTHON_EXECUTABLE: /usr/bin/python3
[8.395s] -- Using PYTHON_INCLUDE_DIRS: /usr/include/python3.10
[8.395s] -- Using PYTHON_LIBRARIES: /usr/lib/x86_64-linux-gnu/libpython3.10.so
[8.414s] -- Found PythonExtra: .so  
[9.191s] -- Found eigen3_cmake_module: 0.1.1 (/opt/ros/humble/share/eigen3_cmake_module/cmake)
[9.192s] -- Found Eigen3: TRUE (found version "3.4.0") 
[9.192s] -- Ensuring Eigen3 include directory is part of orocos-kdl CMake target
[9.242s] -- Found gtest sources under '/opt/ros/humble/src/gtest_vendor': C++ tests using 'Google Test' will be built
[9.829s] -- The C compiler identification is GNU 11.4.0
[10.155s] -- Detecting C compiler ABI info
[12.776s] -- Detecting C compiler ABI info - done
[13.108s] -- Check for working C compiler: /usr/bin/cc - skipped
[13.109s] -- Detecting C compile features
[13.110s] -- Detecting C compile features - done
[19.280s] -- Added test 'copyright' to check source files copyright and LICENSE
[19.294s] -- Added test 'cppcheck' to perform static code analysis on C / C++ code
[19.294s] -- Configured cppcheck include dirs: $<BUILD_INTERFACE:/ros2_ws/src/topic_based_ros2_control/include>
[19.294s] -- Configured cppcheck exclude dirs and/or files: 
[19.298s] -- Added test 'lint_cmake' to check CMake code style
[19.301s] -- Added test 'xmllint' to check XML markup files
[22.228s] -- Configuring done
[28.837s] -- Generating done
[31.141s] -- Build files have been written to: /ros2_ws/build/topic_based_ros2_control
[31.157s] Invoked command in '/ros2_ws/build/topic_based_ros2_control' returned '0': CMAKE_PREFIX_PATH=/opt/ros/humble /usr/bin/cmake /ros2_ws/src/topic_based_ros2_control -DAMENT_CMAKE_SYMLINK_INSTALL=1 -DCMAKE_INSTALL_PREFIX=/ros2_ws/install/topic_based_ros2_control
[31.161s] Invoking command in '/ros2_ws/build/topic_based_ros2_control': CMAKE_PREFIX_PATH=/opt/ros/humble /usr/bin/cmake --build /ros2_ws/build/topic_based_ros2_control -- -j24 -l24
[31.452s] [ 37%] [32mBuilding CXX object gtest/CMakeFiles/gtest.dir/src/gtest-all.cc.o[0m
[31.452s] [ 37%] [32mBuilding CXX object gtest/CMakeFiles/gtest_main.dir/src/gtest_main.cc.o[0m
[31.453s] [ 37%] [32mBuilding CXX object CMakeFiles/topic_based_ros2_control.dir/src/topic_based_system.cpp.o[0m
[32.268s] [ 50%] [32m[1mLinking CXX static library libgtest_main.a[0m
[33.020s] [ 50%] Built target gtest_main
[33.500s] [ 62%] [32m[1mLinking CXX static library libgtest.a[0m
[34.277s] [ 62%] Built target gtest
[36.052s] [ 75%] [32m[1mLinking CXX shared library libtopic_based_ros2_control.so[0m
[36.756s] [ 75%] Built target topic_based_ros2_control
[36.901s] [ 87%] [32mBuilding CXX object CMakeFiles/topic_based_system_test.dir/test/topic_based_system_test.cpp.o[0m
[38.508s] [100%] [32m[1mLinking CXX executable topic_based_system_test[0m
[39.005s] [100%] Built target topic_based_system_test
[39.026s] Invoked command in '/ros2_ws/build/topic_based_ros2_control' returned '0': CMAKE_PREFIX_PATH=/opt/ros/humble /usr/bin/cmake --build /ros2_ws/build/topic_based_ros2_control -- -j24 -l24
[39.036s] Invoking command in '/ros2_ws/build/topic_based_ros2_control': CMAKE_PREFIX_PATH=/opt/ros/humble /usr/bin/cmake --install /ros2_ws/build/topic_based_ros2_control
[39.041s] -- Install configuration: ""
[39.148s] -- Execute custom install script
[39.253s] -- Symlinking: /ros2_ws/install/topic_based_ros2_control/share/topic_based_ros2_control//topic_based_ros2_control_plugin_description.xml
[39.267s] CMake Error: failed to create symbolic link '/ros2_ws/install/topic_based_ros2_control/share/topic_based_ros2_control//topic_based_ros2_control_plugin_description.xml': Operation not permitted
[39.269s] [31mCMake Error at ament_cmake_symlink_install/ament_cmake_symlink_install.cmake:302 (message):
[39.269s]   Could not create symlink
[39.269s]   '/ros2_ws/install/topic_based_ros2_control/share/topic_based_ros2_control//topic_based_ros2_control_plugin_description.xml'
[39.269s]   pointing to
[39.269s]   '/ros2_ws/src/topic_based_ros2_control/topic_based_ros2_control_plugin_description.xml'
[39.269s] Call Stack (most recent call first):
[39.269s]   ament_cmake_symlink_install/ament_cmake_symlink_install.cmake:155 (_ament_cmake_symlink_install_create_symlink)
[39.269s]   ament_cmake_symlink_install/ament_cmake_symlink_install.cmake:314 (ament_cmake_symlink_install_files)
[39.269s]   cmake_install.cmake:46 (include)
[39.270s] 
[39.270s] [0m
[39.272s] Invoked command in '/ros2_ws/build/topic_based_ros2_control' returned '1': CMAKE_PREFIX_PATH=/opt/ros/humble /usr/bin/cmake --install /ros2_ws/build/topic_based_ros2_control
