[0.321s] Invoking command in '/ros2_ws/build/topic_based_ros2_control': /usr/bin/cmake /ros2_ws/src/topic_based_ros2_control -DAMENT_CMAKE_SYMLINK_INSTALL=1 -DCMAKE_INSTALL_PREFIX=/ros2_ws/install/topic_based_ros2_control
[0.336s] [31mCMake Error at CMakeLists.txt:18 (find_package):
[0.336s]   By not providing "Findament_cmake.cmake" in CMAKE_MODULE_PATH this project
[0.336s]   has asked CMake to find a package configuration file provided by
[0.336s]   "ament_cmake", but CMake did not find one.
[0.336s] 
[0.336s]   Could not find a package configuration file provided by "ament_cmake" with
[0.336s]   any of the following names:
[0.336s] 
[0.336s]     ament_cmakeConfig.cmake
[0.336s]     ament_cmake-config.cmake
[0.336s] 
[0.336s]   Add the installation prefix of "ament_cmake" to CMAKE_PREFIX_PATH or set
[0.336s]   "ament_cmake_DIR" to a directory containing one of the above files.  If
[0.336s]   "ament_cmake" provides a separate development package or SDK, be sure it
[0.336s]   has been installed.
[0.336s] 
[0.336s] [0m
[0.336s] -- Configuring incomplete, errors occurred!
[0.336s] See also "/ros2_ws/build/topic_based_ros2_control/CMakeFiles/CMakeOutput.log".
[0.544s] Invoked command in '/ros2_ws/build/topic_based_ros2_control' returned '1': /usr/bin/cmake /ros2_ws/src/topic_based_ros2_control -DAMENT_CMAKE_SYMLINK_INSTALL=1 -DCMAKE_INSTALL_PREFIX=/ros2_ws/install/topic_based_ros2_control
