[0.006s] Invoking command in '/ros2_ws/build/topic_based_ros2_control': /usr/bin/cmake --build /ros2_ws/build/topic_based_ros2_control -- -j24 -l24
[0.037s] -- Found ament_cmake: 1.3.11 (/opt/ros/humble/share/ament_cmake/cmake)
[0.133s] -- Override CMake install command with custom implementation using symlinks instead of copying resources
[0.139s] -- Found angles: 1.15.0 (/opt/ros/humble/share/angles/cmake)
[0.140s] -- Found rclcpp: 16.0.12 (/opt/ros/humble/share/rclcpp/cmake)
[0.166s] -- Found rosidl_generator_c: 3.1.6 (/opt/ros/humble/share/rosidl_generator_c/cmake)
[0.167s] -- Found rosidl_adapter: 3.1.6 (/opt/ros/humble/share/rosidl_adapter/cmake)
[0.172s] -- Found rosidl_generator_cpp: 3.1.6 (/opt/ros/humble/share/rosidl_generator_cpp/cmake)
[0.178s] [31mCMake Error at /opt/ros/humble/share/rosidl_typesupport_c/cmake/get_used_typesupports.cmake:35 (message):
[0.178s]   No 'rosidl_typesupport_c' found
[0.178s] Call Stack (most recent call first):
[0.178s]   /opt/ros/humble/share/rosidl_typesupport_c/cmake/rosidl_typesupport_c-extras.cmake:8 (get_used_typesupports)
[0.178s]   /opt/ros/humble/share/rosidl_typesupport_c/cmake/rosidl_typesupport_cConfig.cmake:41 (include)
[0.179s]   /opt/ros/humble/share/builtin_interfaces/cmake/ament_cmake_export_dependencies-extras.cmake:21 (find_package)
[0.179s]   /opt/ros/humble/share/builtin_interfaces/cmake/builtin_interfacesConfig.cmake:41 (include)
[0.179s]   /opt/ros/humble/share/libstatistics_collector/cmake/ament_cmake_export_dependencies-extras.cmake:21 (find_package)
[0.179s]   /opt/ros/humble/share/libstatistics_collector/cmake/libstatistics_collectorConfig.cmake:41 (include)
[0.179s]   /opt/ros/humble/share/rclcpp/cmake/ament_cmake_export_dependencies-extras.cmake:21 (find_package)
[0.179s]   /opt/ros/humble/share/rclcpp/cmake/rclcppConfig.cmake:41 (include)
[0.179s]   CMakeLists.txt:20 (find_package)
[0.179s] 
[0.179s] [0m
[0.179s] -- Configuring incomplete, errors occurred!
[0.179s] See also "/ros2_ws/build/topic_based_ros2_control/CMakeFiles/CMakeOutput.log".
[0.181s] gmake: *** [Makefile:336: cmake_check_build_system] Error 1
[0.183s] Invoked command in '/ros2_ws/build/topic_based_ros2_control' returned '2': /usr/bin/cmake --build /ros2_ws/build/topic_based_ros2_control -- -j24 -l24
