[0.006s] Invoking command in '/ros2_ws/build/topic_based_ros2_control': CMAKE_PREFIX_PATH=/opt/ros/humble /usr/bin/cmake --build /ros2_ws/build/topic_based_ros2_control -- -j24 -l24
[0.025s] -- Found ament_cmake: 1.3.11 (/opt/ros/humble/share/ament_cmake/cmake)
[0.107s] -- Override CMake install command with custom implementation using symlinks instead of copying resources
[0.111s] -- Found angles: 1.15.0 (/opt/ros/humble/share/angles/cmake)
[0.112s] -- Found rclcpp: 16.0.12 (/opt/ros/humble/share/rclcpp/cmake)
[0.130s] -- Found rosidl_generator_c: 3.1.6 (/opt/ros/humble/share/rosidl_generator_c/cmake)
[0.132s] -- Found rosidl_adapter: 3.1.6 (/opt/ros/humble/share/rosidl_adapter/cmake)
[0.135s] -- Found rosidl_generator_cpp: 3.1.6 (/opt/ros/humble/share/rosidl_generator_cpp/cmake)
[0.140s] -- Using all available rosidl_typesupport_c: rosidl_typesupport_fastrtps_c;rosidl_typesupport_introspection_c
[0.147s] -- Using all available rosidl_typesupport_cpp: rosidl_typesupport_fastrtps_cpp;rosidl_typesupport_introspection_cpp
[0.172s] -- Found rmw_implementation_cmake: 6.1.2 (/opt/ros/humble/share/rmw_implementation_cmake/cmake)
[0.175s] -- Found rmw_cyclonedds_cpp: 1.3.4 (/opt/ros/humble/share/rmw_cyclonedds_cpp/cmake)
[0.208s] -- Using RMW implementation 'rmw_cyclonedds_cpp' as default
[0.244s] -- Found hardware_interface: 2.50.0 (/opt/ros/humble/share/hardware_interface/cmake)
[0.335s] -- Found ament_cmake_gtest: 1.3.11 (/opt/ros/humble/share/ament_cmake_gtest/cmake)
[0.335s] -- Found ament_lint_auto: 0.12.12 (/opt/ros/humble/share/ament_lint_auto/cmake)
[0.336s] -- Found ament_cmake_pytest: 1.3.11 (/opt/ros/humble/share/ament_cmake_pytest/cmake)
[0.337s] -- Found ros2_control_test_assets: 2.50.0 (/opt/ros/humble/share/ros2_control_test_assets/cmake)
[0.337s] -- Found ros_testing: 0.4.0 (/opt/ros/humble/share/ros_testing/cmake)
[0.337s] -- Found launch_testing_ament_cmake: 1.0.8 (/opt/ros/humble/share/launch_testing_ament_cmake/cmake)
[0.338s] -- Found python_cmake_module: 0.10.0 (/opt/ros/humble/share/python_cmake_module/cmake)
[0.352s] -- Using PYTHON_EXECUTABLE: /usr/bin/python3
[0.353s] -- Using PYTHON_INCLUDE_DIRS: /usr/include/python3.10
[0.353s] -- Using PYTHON_LIBRARIES: /usr/lib/x86_64-linux-gnu/libpython3.10.so
[0.489s] -- Found eigen3_cmake_module: 0.1.1 (/opt/ros/humble/share/eigen3_cmake_module/cmake)
[0.490s] -- Ensuring Eigen3 include directory is part of orocos-kdl CMake target
[0.530s] -- Found gtest sources under '/opt/ros/humble/src/gtest_vendor': C++ tests using 'Google Test' will be built
[0.539s] -- Added test 'copyright' to check source files copyright and LICENSE
[0.541s] -- Added test 'cppcheck' to perform static code analysis on C / C++ code
[0.541s] -- Configured cppcheck include dirs: $<BUILD_INTERFACE:/ros2_ws/src/topic_based_ros2_control/include>
[0.541s] -- Configured cppcheck exclude dirs and/or files: 
[0.542s] -- Added test 'lint_cmake' to check CMake code style
[0.542s] -- Added test 'xmllint' to check XML markup files
[0.543s] -- Configuring done
[0.582s] -- Generating done
[0.586s] -- Build files have been written to: /ros2_ws/build/topic_based_ros2_control
[0.605s] [35m[1mConsolidate compiler generated dependencies of target topic_based_ros2_control[0m
[0.606s] [35m[1mConsolidate compiler generated dependencies of target gtest[0m
[0.606s] [35m[1mConsolidate compiler generated dependencies of target gtest_main[0m
[0.615s] [ 25%] Built target topic_based_ros2_control
[0.616s] [ 50%] Built target gtest_main
[0.616s] [ 75%] Built target gtest
[0.623s] [35m[1mConsolidate compiler generated dependencies of target topic_based_system_test[0m
[0.635s] [100%] Built target topic_based_system_test
[0.641s] Invoked command in '/ros2_ws/build/topic_based_ros2_control' returned '0': CMAKE_PREFIX_PATH=/opt/ros/humble /usr/bin/cmake --build /ros2_ws/build/topic_based_ros2_control -- -j24 -l24
[0.647s] Invoking command in '/ros2_ws/build/topic_based_ros2_control': CMAKE_PREFIX_PATH=/opt/ros/humble /usr/bin/cmake --install /ros2_ws/build/topic_based_ros2_control
[0.652s] -- Install configuration: ""
[0.653s] -- Execute custom install script
[0.653s] -- Symlinking: /ros2_ws/install/topic_based_ros2_control/share/topic_based_ros2_control//topic_based_ros2_control_plugin_description.xml
[0.658s] -- Symlinking: /ros2_ws/install/topic_based_ros2_control/share/topic_based_ros2_control/environment/library_path.sh
[0.665s] -- Symlinking: /ros2_ws/install/topic_based_ros2_control/share/topic_based_ros2_control/environment/library_path.dsv
[0.670s] -- Symlinking: /ros2_ws/install/topic_based_ros2_control/share/ament_index/resource_index/package_run_dependencies/topic_based_ros2_control
[0.678s] -- Symlinking: /ros2_ws/install/topic_based_ros2_control/share/ament_index/resource_index/parent_prefix_path/topic_based_ros2_control
[0.683s] -- Symlinking: /ros2_ws/install/topic_based_ros2_control/share/topic_based_ros2_control/environment/ament_prefix_path.sh
[0.690s] -- Symlinking: /ros2_ws/install/topic_based_ros2_control/share/topic_based_ros2_control/environment/ament_prefix_path.dsv
[0.695s] -- Symlinking: /ros2_ws/install/topic_based_ros2_control/share/topic_based_ros2_control/environment/path.sh
[0.700s] -- Symlinking: /ros2_ws/install/topic_based_ros2_control/share/topic_based_ros2_control/environment/path.dsv
[0.706s] -- Symlinking: /ros2_ws/install/topic_based_ros2_control/share/topic_based_ros2_control/local_setup.bash
[0.711s] -- Symlinking: /ros2_ws/install/topic_based_ros2_control/share/topic_based_ros2_control/local_setup.sh
[0.716s] -- Symlinking: /ros2_ws/install/topic_based_ros2_control/share/topic_based_ros2_control/local_setup.zsh
[0.723s] -- Symlinking: /ros2_ws/install/topic_based_ros2_control/share/topic_based_ros2_control/local_setup.dsv
[0.727s] -- Symlinking: /ros2_ws/install/topic_based_ros2_control/share/topic_based_ros2_control/package.dsv
[0.733s] -- Symlinking: /ros2_ws/install/topic_based_ros2_control/share/ament_index/resource_index/packages/topic_based_ros2_control
[0.738s] -- Symlinking: /ros2_ws/install/topic_based_ros2_control/share/ament_index/resource_index/hardware_interface__pluginlib__plugin/topic_based_ros2_control
[0.744s] -- Symlinking: /ros2_ws/install/topic_based_ros2_control/share/topic_based_ros2_control/cmake/ament_cmake_export_targets-extras.cmake
[0.750s] -- Symlinking: /ros2_ws/install/topic_based_ros2_control/share/topic_based_ros2_control/cmake/ament_cmake_export_dependencies-extras.cmake
[0.756s] -- Symlinking: /ros2_ws/install/topic_based_ros2_control/share/topic_based_ros2_control/cmake/topic_based_ros2_controlConfig.cmake
[0.761s] -- Symlinking: /ros2_ws/install/topic_based_ros2_control/share/topic_based_ros2_control/cmake/topic_based_ros2_controlConfig-version.cmake
[0.767s] -- Symlinking: /ros2_ws/install/topic_based_ros2_control/share/topic_based_ros2_control/package.xml
[0.773s] -- Installing: /ros2_ws/install/topic_based_ros2_control/lib/libtopic_based_ros2_control.so
[0.777s] -- Set runtime path of "/ros2_ws/install/topic_based_ros2_control/lib/libtopic_based_ros2_control.so" to ""
[0.777s] -- Installing: /ros2_ws/install/topic_based_ros2_control/share/topic_based_ros2_control/cmake/topic_based_ros2_controlTargetsExport.cmake
[0.777s] -- Installing: /ros2_ws/install/topic_based_ros2_control/share/topic_based_ros2_control/cmake/topic_based_ros2_controlTargetsExport-noconfig.cmake
[0.779s] Invoked command in '/ros2_ws/build/topic_based_ros2_control' returned '0': CMAKE_PREFIX_PATH=/opt/ros/humble /usr/bin/cmake --install /ros2_ws/build/topic_based_ros2_control
