[0.006s] Invoking command in '/ros2_ws/build/topic_based_ros2_control': /usr/bin/cmake --build /ros2_ws/build/topic_based_ros2_control -- -j24 -l24
[0.022s] -- Found ament_cmake: 1.3.11 (/opt/ros/humble/share/ament_cmake/cmake)
[0.103s] -- Override CMake install command with custom implementation using symlinks instead of copying resources
[0.108s] -- Found angles: 1.15.0 (/opt/ros/humble/share/angles/cmake)
[0.109s] -- Found rclcpp: 16.0.12 (/opt/ros/humble/share/rclcpp/cmake)
[0.126s] -- Found rosidl_generator_c: 3.1.6 (/opt/ros/humble/share/rosidl_generator_c/cmake)
[0.128s] -- Found rosidl_adapter: 3.1.6 (/opt/ros/humble/share/rosidl_adapter/cmake)
[0.131s] -- Found rosidl_generator_cpp: 3.1.6 (/opt/ros/humble/share/rosidl_generator_cpp/cmake)
[0.137s] [31mCMake Error at /opt/ros/humble/share/rosidl_typesupport_c/cmake/get_used_typesupports.cmake:35 (message):
[0.137s]   No 'rosidl_typesupport_c' found
[0.137s] Call Stack (most recent call first):
[0.137s]   /opt/ros/humble/share/rosidl_typesupport_c/cmake/rosidl_typesupport_c-extras.cmake:8 (get_used_typesupports)
[0.137s]   /opt/ros/humble/share/rosidl_typesupport_c/cmake/rosidl_typesupport_cConfig.cmake:41 (include)
[0.137s]   /opt/ros/humble/share/builtin_interfaces/cmake/ament_cmake_export_dependencies-extras.cmake:21 (find_package)
[0.137s]   /opt/ros/humble/share/builtin_interfaces/cmake/builtin_interfacesConfig.cmake:41 (include)
[0.137s]   /opt/ros/humble/share/libstatistics_collector/cmake/ament_cmake_export_dependencies-extras.cmake:21 (find_package)
[0.137s]   /opt/ros/humble/share/libstatistics_collector/cmake/libstatistics_collectorConfig.cmake:41 (include)
[0.137s]   /opt/ros/humble/share/rclcpp/cmake/ament_cmake_export_dependencies-extras.cmake:21 (find_package)
[0.137s]   /opt/ros/humble/share/rclcpp/cmake/rclcppConfig.cmake:41 (include)
[0.137s]   CMakeLists.txt:20 (find_package)
[0.137s] 
[0.138s] [0m
[0.138s] -- Configuring incomplete, errors occurred!
[0.138s] See also "/ros2_ws/build/topic_based_ros2_control/CMakeFiles/CMakeOutput.log".
[0.139s] gmake: *** [Makefile:336: cmake_check_build_system] Error 1
[0.141s] Invoked command in '/ros2_ws/build/topic_based_ros2_control' returned '2': /usr/bin/cmake --build /ros2_ws/build/topic_based_ros2_control -- -j24 -l24
