[0.007s] Invoking command in '/ros2_ws/build/topic_based_ros2_control': /usr/bin/cmake --build /ros2_ws/build/topic_based_ros2_control -- -j24 -l24
[0.094s] [ 50%] Built target gtest
[0.095s] [ 50%] Built target gtest_main
[0.097s] [ 75%] Built target topic_based_ros2_control
[0.116s] [100%] Built target topic_based_system_test
[0.123s] Invoked command in '/ros2_ws/build/topic_based_ros2_control' returned '0': /usr/bin/cmake --build /ros2_ws/build/topic_based_ros2_control -- -j24 -l24
[0.131s] Invoking command in '/ros2_ws/build/topic_based_ros2_control': /usr/bin/cmake --install /ros2_ws/build/topic_based_ros2_control
[0.140s] -- Install configuration: ""
[0.141s] -- Execute custom install script
[0.141s] -- Up-to-date symlink: /ros2_ws/install/topic_based_ros2_control/share/topic_based_ros2_control//topic_based_ros2_control_plugin_description.xml
[0.141s] -- Up-to-date symlink: /ros2_ws/install/topic_based_ros2_control/share/topic_based_ros2_control/environment/library_path.sh
[0.141s] -- Up-to-date symlink: /ros2_ws/install/topic_based_ros2_control/share/topic_based_ros2_control/environment/library_path.dsv
[0.141s] -- Up-to-date symlink: /ros2_ws/install/topic_based_ros2_control/share/ament_index/resource_index/package_run_dependencies/topic_based_ros2_control
[0.142s] -- Up-to-date symlink: /ros2_ws/install/topic_based_ros2_control/share/ament_index/resource_index/parent_prefix_path/topic_based_ros2_control
[0.142s] -- Up-to-date symlink: /ros2_ws/install/topic_based_ros2_control/share/topic_based_ros2_control/environment/ament_prefix_path.sh
[0.143s] -- Up-to-date symlink: /ros2_ws/install/topic_based_ros2_control/share/topic_based_ros2_control/environment/ament_prefix_path.dsv
[0.143s] -- Up-to-date symlink: /ros2_ws/install/topic_based_ros2_control/share/topic_based_ros2_control/environment/path.sh
[0.143s] -- Up-to-date symlink: /ros2_ws/install/topic_based_ros2_control/share/topic_based_ros2_control/environment/path.dsv
[0.143s] -- Up-to-date symlink: /ros2_ws/install/topic_based_ros2_control/share/topic_based_ros2_control/local_setup.bash
[0.143s] -- Up-to-date symlink: /ros2_ws/install/topic_based_ros2_control/share/topic_based_ros2_control/local_setup.sh
[0.143s] -- Up-to-date symlink: /ros2_ws/install/topic_based_ros2_control/share/topic_based_ros2_control/local_setup.zsh
[0.144s] -- Up-to-date symlink: /ros2_ws/install/topic_based_ros2_control/share/topic_based_ros2_control/local_setup.dsv
[0.144s] -- Symlinking: /ros2_ws/install/topic_based_ros2_control/share/topic_based_ros2_control/package.dsv
[0.152s] -- Up-to-date symlink: /ros2_ws/install/topic_based_ros2_control/share/ament_index/resource_index/packages/topic_based_ros2_control
[0.152s] -- Up-to-date symlink: /ros2_ws/install/topic_based_ros2_control/share/ament_index/resource_index/hardware_interface__pluginlib__plugin/topic_based_ros2_control
[0.152s] -- Up-to-date symlink: /ros2_ws/install/topic_based_ros2_control/share/topic_based_ros2_control/cmake/ament_cmake_export_targets-extras.cmake
[0.152s] -- Up-to-date symlink: /ros2_ws/install/topic_based_ros2_control/share/topic_based_ros2_control/cmake/ament_cmake_export_dependencies-extras.cmake
[0.152s] -- Up-to-date symlink: /ros2_ws/install/topic_based_ros2_control/share/topic_based_ros2_control/cmake/topic_based_ros2_controlConfig.cmake
[0.152s] -- Up-to-date symlink: /ros2_ws/install/topic_based_ros2_control/share/topic_based_ros2_control/cmake/topic_based_ros2_controlConfig-version.cmake
[0.153s] -- Up-to-date symlink: /ros2_ws/install/topic_based_ros2_control/share/topic_based_ros2_control/package.xml
[0.154s] -- Up-to-date: /ros2_ws/install/topic_based_ros2_control/lib/libtopic_based_ros2_control.so
[0.154s] -- Up-to-date: /ros2_ws/install/topic_based_ros2_control/share/topic_based_ros2_control/cmake/topic_based_ros2_controlTargetsExport.cmake
[0.154s] -- Up-to-date: /ros2_ws/install/topic_based_ros2_control/share/topic_based_ros2_control/cmake/topic_based_ros2_controlTargetsExport-noconfig.cmake
[0.155s] Invoked command in '/ros2_ws/build/topic_based_ros2_control' returned '0': /usr/bin/cmake --install /ros2_ws/build/topic_based_ros2_control
