[0.433s] Invoking command in '/ros2_ws/build/topic_based_ros2_control': /usr/bin/cmake /ros2_ws/src/topic_based_ros2_control -DAMENT_CMAKE_SYMLINK_INSTALL=1 -DCMAKE_INSTALL_PREFIX=/ros2_ws/install/topic_based_ros2_control
[1.509s] -- The CXX compiler identification is GNU 11.4.0
[1.837s] -- Detecting CXX compiler ABI info
[4.466s] -- Detecting CXX compiler ABI info - done
[4.797s] -- Check for working CXX compiler: /usr/bin/c++ - skipped
[4.798s] -- Detecting CXX compile features
[4.799s] -- Detecting CXX compile features - done
[5.117s] [31mCMake Error at CMakeLists.txt:18 (find_package):
[5.117s]   By not providing "Findament_cmake.cmake" in CMAKE_MODULE_PATH this project
[5.117s]   has asked CMake to find a package configuration file provided by
[5.117s]   "ament_cmake", but CMake did not find one.
[5.117s] 
[5.117s]   Could not find a package configuration file provided by "ament_cmake" with
[5.117s]   any of the following names:
[5.117s] 
[5.117s]     ament_cmakeConfig.cmake
[5.117s]     ament_cmake-config.cmake
[5.117s] 
[5.117s]   Add the installation prefix of "ament_cmake" to CMAKE_PREFIX_PATH or set
[5.117s]   "ament_cmake_DIR" to a directory containing one of the above files.  If
[5.117s]   "ament_cmake" provides a separate development package or SDK, be sure it
[5.117s]   has been installed.
[5.117s] 
[5.117s] [0m
[5.117s] -- Configuring incomplete, errors occurred!
[5.117s] See also "/ros2_ws/build/topic_based_ros2_control/CMakeFiles/CMakeOutput.log".
[5.330s] Invoked command in '/ros2_ws/build/topic_based_ros2_control' returned '1': /usr/bin/cmake /ros2_ws/src/topic_based_ros2_control -DAMENT_CMAKE_SYMLINK_INSTALL=1 -DCMAKE_INSTALL_PREFIX=/ros2_ws/install/topic_based_ros2_control
